<?xml version="1.0" encoding="UTF-8"?>
<!-- Generated by org.testng.reporters.JUnitReportReporter -->
<testsuite hostname="LAPTOP-IF83LQNQ" failures="0" tests="18" name="Main.Actual" time="329.945" errors="0" timestamp="2023-04-04T14:11:59 IST" skipped="0">
  <testcase classname="Main.Actual" name="testOfficialSite" time="17.246"/>
  <system-out/>
  <testcase classname="Main.Actual" name="testErrorData" time="12.100"/>
  <system-out/>
  <testcase classname="Main.Actual" name="testErrorData" time="11.708"/>
  <system-out/>
  <testcase classname="Main.Actual" name="testTwitter" time="20.004"/>
  <system-out/>
  <testcase classname="Main.Actual" name="testInvalidData" time="12.202"/>
  <system-out/>
  <testcase classname="Main.Actual" name="testLogo" time="21.576"/>
  <system-out/>
  <testcase classname="Main.Actual" name="testErrorData" time="11.915"/>
  <system-out/>
  <testcase classname="Main.Actual" name="testErrorData" time="11.250"/>
  <system-out/>
  <testcase classname="Main.Actual" name="testInvalidData" time="44.414"/>
  <system-out/>
  <testcase classname="Main.Actual" name="testValidData" time="19.967"/>
  <system-out/>
  <testcase classname="Main.Actual" name="testFacebook" time="15.087"/>
  <system-out/>
  <testcase classname="Main.Actual" name="testInvalidData" time="11.616"/>
  <system-out/>
  <testcase classname="Main.Actual" name="testLinkedin" time="13.600"/>
  <system-out/>
  <testcase classname="Main.Actual" name="testInvalidData" time="29.766"/>
  <system-out/>
  <testcase classname="Main.Actual" name="testForgotPass" time="12.588"/>
  <system-out/>
  <testcase classname="Main.Actual" name="testUtube" time="28.992"/>
  <system-out/>
  <testcase classname="Main.Actual" name="testErrorData" time="18.715"/>
  <system-out/>
  <testcase classname="Main.Actual" name="testValidData" time="17.199"/>
  <system-out/>
</testsuite> <!-- Main.Actual -->
